<?xml version="1.0" encoding="UTF-8"?>
<!-- Generated by org.testng.reporters.JUnitReportReporter -->
<testsuite skipped="0" hostname="DESKTOP-AK32VJV" name="com.training.sanity.tests.AddNewPost" tests="1" failures="0" timestamp="2020-06-30T20:30:35 IST" time="59.147" errors="0">
  <testcase name="NewPost" time="59.147" classname="com.training.sanity.tests.AddNewPost"/>
</testsuite> <!-- com.training.sanity.tests.AddNewPost -->
