<?xml version="1.0" encoding="UTF-8"?>
<!-- Generated by org.testng.reporters.JUnitReportReporter -->
<testsuite skipped="0" hostname="DESKTOP-AK32VJV" name="com.training.sanity.tests.AddPost" tests="1" failures="0" timestamp="2020-06-30T21:33:52 IST" time="106.811" errors="0">
  <testcase name="NewPost" time="106.811" classname="com.training.sanity.tests.AddPost"/>
</testsuite> <!-- com.training.sanity.tests.AddPost -->
