<?xml version="1.0" encoding="UTF-8"?>
<!-- Generated by org.testng.reporters.JUnitReportReporter -->
<testsuite skipped="0" hostname="DESKTOP-AK32VJV" name="com.training.sanity.tests.AddNewCategory" tests="1" failures="0" timestamp="2020-06-30T20:49:39 IST" time="44.828" errors="0">
  <testcase name="addCategory" time="44.828" classname="com.training.sanity.tests.AddNewCategory"/>
</testsuite> <!-- com.training.sanity.tests.AddNewCategory -->
