<?xml version="1.0" encoding="UTF-8"?>
<!-- Generated by org.testng.reporters.JUnitReportReporter -->
<testsuite skipped="0" hostname="DESKTOP-AK32VJV" name="com.training.sanity.tests.CreateProperty" tests="1" failures="0" timestamp="2020-07-01T00:13:51 IST" time="66.458" errors="0">
  <testcase name="CreatePropertyName" time="66.458" classname="com.training.sanity.tests.CreateProperty"/>
</testsuite> <!-- com.training.sanity.tests.CreateProperty -->
