<?xml version="1.0" encoding="UTF-8"?>
<!-- Generated by org.testng.reporters.JUnitReportReporter -->
<testsuite skipped="0" hostname="DESKTOP-AK32VJV" name="com.training.sanity.tests.AddCategory" tests="1" failures="0" timestamp="2020-06-30T21:31:40 IST" time="47.796" errors="0">
  <testcase name="addCategory" time="47.796" classname="com.training.sanity.tests.AddCategory"/>
</testsuite> <!-- com.training.sanity.tests.AddCategory -->
