<?xml version="1.0" encoding="UTF-8"?>
<!-- Generated by org.testng.reporters.JUnitReportReporter -->
<testsuite skipped="0" hostname="DESKTOP-AK32VJV" name="com.training.sanity.tests.LoginTest" tests="1" failures="0" timestamp="2020-06-30T21:04:37 IST" time="31.022" errors="0">
  <testcase name="loginPassTest" time="31.022" classname="com.training.sanity.tests.LoginTest"/>
</testsuite> <!-- com.training.sanity.tests.LoginTest -->
