<?xml version="1.0" encoding="UTF-8"?>
<!-- Generated by org.testng.reporters.JUnitReportReporter -->
<testsuite skipped="0" hostname="DESKTOP-AK32VJV" name="com.training.sanity.tests.AddNewPost" tests="1" failures="0" timestamp="2020-06-29T17:42:22 IST" time="45.689" errors="0">
  <testcase name="NewPost" time="45.689" classname="com.training.sanity.tests.AddNewPost"/>
</testsuite> <!-- com.training.sanity.tests.AddNewPost -->
